app/build/outputs/mapping/release/seeds.txt
com.iago.pokewatch.ReminderApplication
com.iago.pokewatch.ReminderApplication_GeneratedInjector
com.iago.pokewatch.MainActivity
com.iago.pokewatch.screens.home.HomeViewModel
com.iago.pokewatch.api.PokeApi
com.iago.pokewatch.MainActivity_GeneratedInjector
com.iago.pokewatch.Hilt_MainActivity: Hilt_MainActivity()
com.iago.pokewatch.ReminderApplication: ReminderApplication()
com.iago.pokewatch.MainActivity: MainActivity()
com.iago.pokewatch.nav.Screens: com.iago.pokewatch.nav.Screens valueOf(java.lang.String)
com.iago.pokewatch.nav.Screens: com.iago.pokewatch.nav.Screens[] values()
com.iago.pokewatch.api.PokeApi: java.lang.Object getPokemons(kotlin.coroutines.Continuation)
com.iago.pokewatch.Hilt_ReminderApplication: Hilt_ReminderApplication()
...
androidx.vectordrawable.graphics.drawable.VectorDrawableCompat$VPathRenderer: void setAlpha(float)
androidx.core.view.ViewCompat$Api29Impl: void setSystemGestureExclusionRects(android.view.View,java.util.List)
androidx.appcompat.resources.Compatibility$Api21Impl: int getChangingConfigurations(android.content.res.TypedArray)
androidx.vectordrawable.graphics.drawable.VectorDrawableCompat$VFullPath: float getStrokeWidth()
com.google.android.gms.common.api.internal.LifecycleCallback: com.google.android.gms.common.api.internal.LifecycleFragment getChimeraLifecycleFragmentImpl(com.google.android.gms.common.api.internal.LifecycleActivity)
androidx.core.view.WindowInsetsCompat$Impl20: void setRootViewData(androidx.core.graphics.Insets)
androidx.core.view.WindowInsetsCompat$Impl20: androidx.core.graphics.Insets getSystemWindowInsets()
androidx.compose.ui.platform.AbstractComposeView: void getDisposeViewCompositionStrategy$annotations()
androidx.compose.ui.platform.ViewLayer: long getOwnerViewId()
androidx.compose.ui.viewinterop.AndroidViewHolder: kotlin.jvm.functions.Function0 getUpdate()
kotlinx.coroutines.android.AndroidExceptionPreHandler: AndroidExceptionPreHandler()
androidx.profileinstaller.ProfileInstallReceiver: ProfileInstallReceiver()
androidx.compose.ui.platform.ViewLayer: void setCameraDistancePx(float)
androidx.core.view.ViewCompat$Api16Impl: void setImportantForAccessibility(android.view.View,int)
androidx.core.view.ViewCompat$Api20Impl: void requestApplyInsets(android.view.View)
androidx.core.view.WindowInsetsCompat$Impl20: void copyWindowDataInto(androidx.core.view.WindowInsetsCompat)
androidx.compose.ui.viewinterop.AndroidViewHolder: void setDensity(androidx.compose.ui.unit.Density)
androidx.compose.ui.viewinterop.AndroidViewHolder: androidx.compose.ui.node.LayoutNode getLayoutNode()
androidx.compose.ui.viewinterop.AndroidViewHolder: kotlin.jvm.functions.Function1 getOnModifierChanged$ui_release()
androidx.core.view.WindowInsetsCompat$Impl20: WindowInsetsCompat$Impl20(androidx.core.view.WindowInsetsCompat,androidx.core.view.WindowInsetsCompat$Impl20)
androidx.core.view.WindowInsetsCompat$Impl20: androidx.core.graphics.Insets getVisibleInsets(android.view.View)
androidx.core.view.WindowInsetsCompat$Impl: androidx.core.graphics.Insets getInsets(int)
androidx.core.view.ViewCompat$Api28Impl: java.lang.CharSequence getAccessibilityPaneTitle(android.view.View)
android.support.v4.app.RemoteActionCompatParcelizer: RemoteActionCompatParcelizer()
androidx.compose.ui.platform.AndroidComposeView: long getMeasureIteration()
androidx.profileinstaller.ProfileInstallerInitializer$Choreographer16Impl: void postFrameCallback(java.lang.Runnable)
androidx.core.view.ViewCompat$Api20Impl: android.view.WindowInsets onApplyWindowInsets(android.view.View,android.view.WindowInsets)
androidx.core.view.ViewCompat$Api21Impl: android.graphics.PorterDuff$Mode getBackgroundTintMode(android.view.View)
androidx.compose.animation.EnterExitState: androidx.compose.animation.EnterExitState valueOf(java.lang.String)
kotlinx.coroutines.android.AndroidExceptionPreHandler: void handleException(kotlin.coroutines.CoroutineContext,java.lang.Throwable)
androidx.core.view.ViewCompat$Api23Impl: androidx.core.view.WindowInsetsCompat getRootWindowInsets(android.view.View)
androidx.compose.foundation.gestures.Api31Impl: float getDistance(android.widget.EdgeEffect)
androidx.core.view.WindowInsetsCompat$BuilderImpl30: WindowInsetsCompat$BuilderImpl30()
androidx.vectordrawable.graphics.drawable.VectorDrawableCompat$VFullPath: int getFillColor()
androidx.compose.ui.platform.AndroidComposeView: void getTextInputService$annotations()
androidx.lifecycle.ReportFragment$LifecycleCallbacks: void onActivityStopped(android.app.Activity)
androidx.core.view.ViewCompat$Api20Impl: android.view.WindowInsets dispatchApplyWindowInsets(android.view.View,android.view.WindowInsets)
androidx.compose.ui.viewinterop.AndroidViewHolder: int getNestedScrollAxes()