app/build/outputs/mapping/release/usage.txt
com.iago.pokewatch.BuildConfig
com.iago.pokewatch.DaggerReminderApplication_HiltComponents_SingletonC$ActivityCImpl:
    public dagger.hilt.android.internal.builders.FragmentComponentBuilder fragmentComponentBuilder()
    public dagger.hilt.android.internal.builders.ViewComponentBuilder viewComponentBuilder()
com.iago.pokewatch.DaggerReminderApplication_HiltComponents_SingletonC$Builder:
    public com.iago.pokewatch.DaggerReminderApplication_HiltComponents_SingletonC$Builder appModule(com.iago.pokewatch.di.AppModule)
    public com.iago.pokewatch.DaggerReminderApplication_HiltComponents_SingletonC$Builder hiltWrapper_FragmentGetContextFix_FragmentGetContextFixModule(dagger.hilt.android.flags.HiltWrapper_FragmentGetContextFix_FragmentGetContextFixModule)
com.iago.pokewatch.DaggerReminderApplication_HiltComponents_SingletonC$FragmentCBuilder
com.iago.pokewatch.DaggerReminderApplication_HiltComponents_SingletonC$FragmentCImpl
com.iago.pokewatch.DaggerReminderApplication_HiltComponents_SingletonC$ServiceCBuilder
com.iago.pokewatch.DaggerReminderApplication_HiltComponents_SingletonC$ServiceCImpl
com.iago.pokewatch.DaggerReminderApplication_HiltComponents_SingletonC$ViewCBuilder
com.iago.pokewatch.DaggerReminderApplication_HiltComponents_SingletonC$ViewCImpl
com.iago.pokewatch.DaggerReminderApplication_HiltComponents_SingletonC$ViewWithFragmentCBuilder
com.iago.pokewatch.DaggerReminderApplication_HiltComponents_SingletonC$ViewWithFragmentCImpl
com.iago.pokewatch.DaggerReminderApplication_HiltComponents_SingletonC:
    public java.util.Set getDisableFragmentGetContextFix()
    public dagger.hilt.android.internal.builders.ServiceComponentBuilder serviceComponentBuilder()
com.iago.pokewatch.Hilt_MainActivity:
    void <init>(int)
    public synthetic bridge dagger.hilt.internal.GeneratedComponentManager componentManager()
com.iago.pokewatch.Hilt_ReminderApplication:
    public synthetic bridge dagger.hilt.internal.GeneratedComponentManager componentManager()
com.iago.pokewatch.MainActivity:
    public static final int $stable
com.iago.pokewatch.R$anim
com.iago.pokewatch.R$animator
com.iago.pokewatch.R$attr
com.iago.pokewatch.R$color
com.iago.pokewatch.R$dimen
com.iago.pokewatch.R$drawable
com.iago.pokewatch.R$font
com.iago.pokewatch.R$id
com.iago.pokewatch.R$integer
com.iago.pokewatch.R$layout
com.iago.pokewatch.R$menu
com.iago.pokewatch.R$mipmap
com.iago.pokewatch.R$string
com.iago.pokewatch.R$style
com.iago.pokewatch.R$styleable
com.iago.pokewatch.R
com.iago.pokewatch.ReminderApplication:
    public static final int $stable
com.iago.pokewatch.ReminderApplication_ComponentTreeDeps
com.iago.pokewatch.ReminderApplication_HiltComponents$ActivityC$Builder
com.iago.pokewatch.ReminderApplication_HiltComponents$ActivityCBuilderModule
com.iago.pokewatch.ReminderApplication_HiltComponents$ActivityRetainedC$Builder
com.iago.pokewatch.ReminderApplication_HiltComponents$ActivityRetainedCBuilderModule
com.iago.pokewatch.ReminderApplication_HiltComponents$FragmentC$Builder
com.iago.pokewatch.ReminderApplication_HiltComponents$FragmentC
com.iago.pokewatch.ReminderApplication_HiltComponents$FragmentCBuilderModule
com.iago.pokewatch.ReminderApplication_HiltComponents$ServiceC$Builder
com.iago.pokewatch.ReminderApplication_HiltComponents$ServiceC
com.iago.pokewatch.ReminderApplication_HiltComponents$ServiceCBuilderModule
com.iago.pokewatch.ReminderApplication_HiltComponents$ViewC$Builder
com.iago.pokewatch.ReminderApplication_HiltComponents$ViewC
com.iago.pokewatch.ReminderApplication_HiltComponents$ViewCBuilderModule
com.iago.pokewatch.ReminderApplication_HiltComponents$ViewModelC$Builder
com.iago.pokewatch.ReminderApplication_HiltComponents$ViewModelCBuilderModule
com.iago.pokewatch.ReminderApplication_HiltComponents$ViewWithFragmentC$Builder
com.iago.pokewatch.ReminderApplication_HiltComponents$ViewWithFragmentC
com.iago.pokewatch.ReminderApplication_HiltComponents$ViewWithFragmentCBuilderModule
...
com.google.android.gms.common.internal.zza
com.google.android.gms.common.internal.zzn
com.google.android.gms.common.internal.zzo:
    public static com.google.android.gms.common.internal.zzm zza(android.os.IBinder)
com.google.android.gms.common.internal.zzp
com.google.android.gms.common.internal.zzq
com.google.android.gms.common.internal.zzr
com.google.android.gms.common.internal.zzs
com.google.android.gms.common.internal.zzt:
    public static java.lang.String zza(android.content.Context)
com.google.android.gms.common.internal.zzw
com.google.android.gms.common.internal.zzx
com.google.android.gms.common.logging.Logger
com.google.android.gms.common.providers.PooledExecutorsProvider$PooledExecutorFactory
com.google.android.gms.common.providers.PooledExecutorsProvider
com.google.android.gms.common.providers.zza
com.google.android.gms.common.server.FavaDiagnosticsEntity
com.google.android.gms.common.server.converter.StringToIntConverter$zaa
com.google.android.gms.common.server.converter.StringToIntConverter
com.google.android.gms.common.server.converter.zaa
com.google.android.gms.common.server.converter.zab
com.google.android.gms.common.server.converter.zac
com.google.android.gms.common.server.converter.zad
com.google.android.gms.common.server.response.FastJsonResponse$Field
com.google.android.gms.common.server.response.FastJsonResponse$FieldConverter
com.google.android.gms.common.server.response.FastJsonResponse
com.google.android.gms.common.server.response.FastParser$ParseException
com.google.android.gms.common.server.response.FastParser$zaa
com.google.android.gms.common.server.response.FastParser
com.google.android.gms.common.server.response.FastSafeParcelableJsonResponse
com.google.android.gms.common.server.response.SafeParcelResponse
com.google.android.gms.common.server.response.zaa
com.google.android.gms.common.server.response.zab
com.google.android.gms.common.server.response.zac
com.google.android.gms.common.server.response.zad
com.google.android.gms.common.server.response.zae
com.google.android.gms.common.server.response.zaf
com.google.android.gms.common.server.response.zag
com.google.android.gms.common.server.response.zah
com.google.android.gms.common.server.response.zai
com.google.android.gms.common.server.response.zaj
com.google.android.gms.common.server.response.zak
com.google.android.gms.common.server.response.zal
com.google.android.gms.common.server.response.zam
com.google.android.gms.common.server.response.zan
com.google.android.gms.common.server.response.zao
com.google.android.gms.common.server.response.zap
com.google.android.gms.common.server.zaa
com.google.android.gms.common.sqlite.CursorWrapper
com.google.android.gms.common.stats.ConnectionTracker:
    public boolean bindService(android.content.Context,android.content.Intent,android.content.ServiceConnection,int)
    public void unbindServiceSafe(android.content.Context,android.content.ServiceConnection)
com.google.android.gms.common.stats.LoggingConstants
com.google.android.gms.common.stats.StatsEvent$Types
com.google.android.gms.common.stats.StatsEvent
com.google.android.gms.common.stats.StatsUtils
com.google.android.gms.common.stats.WakeLockEvent
com.google.android.gms.common.stats.WakeLockTracker
com.google.android.gms.common.stats.zza
com.google.android.gms.common.util.AndroidUtilsLight